

Microchip MPLAB XC8 Assembler V2.10 build 88905656 
                                                                                               Wed Mar 11 16:15:14 2020

Microchip MPLAB XC8 C Compiler v2.10 (Free license) build 20190730164152 Og1 
     1                           	processor	16F1778
     2                           	opt	pw 120
     3                           	opt	flic
     4                           	psect	stringtext1,global,class=STRCODE,delta=2
     5                           	psect	cinit,global,class=CODE,merge=1,delta=2
     6                           	psect	bssCOMMON,global,class=COMMON,space=1,delta=1
     7                           	psect	cstackCOMMON,global,class=COMMON,space=1,delta=1
     8                           	psect	maintext,global,class=CODE,merge=1,split=1,delta=2
     9                           	psect	text1,local,class=CODE,merge=1,delta=2
    10                           	psect	text2,local,class=CODE,merge=1,delta=2
    11                           	psect	text3,local,class=CODE,merge=1,delta=2
    12                           	dabs	1,0x7E,2
    13  0000                     
    14                           ; Version 2.10
    15                           ; Generated 31/07/2019 GMT
    16                           ; 
    17                           ; Copyright © 2019, Microchip Technology Inc. and its subsidiaries ("Microchip")
    18                           ; All rights reserved.
    19                           ; 
    20                           ; This software is developed by Microchip Technology Inc. and its subsidiaries ("Microch
      +                          ip").
    21                           ; 
    22                           ; Redistribution and use in source and binary forms, with or without modification, are
    23                           ; permitted provided that the following conditions are met:
    24                           ; 
    25                           ;     1. Redistributions of source code must retain the above copyright notice, this lis
      +                          t of
    26                           ;        conditions and the following disclaimer.
    27                           ; 
    28                           ;     2. Redistributions in binary form must reproduce the above copyright notice, this 
      +                          list
    29                           ;        of conditions and the following disclaimer in the documentation and/or other
    30                           ;        materials provided with the distribution.
    31                           ; 
    32                           ;     3. Microchip's name may not be used to endorse or promote products derived from th
      +                          is
    33                           ;        software without specific prior written permission.
    34                           ; 
    35                           ; THIS SOFTWARE IS PROVIDED BY MICROCHIP "AS IS" AND ANY EXPRESS OR IMPLIED WARRANTIES,
    36                           ; INCLUDING, BUT NOT LIMITED TO, THE IMPLIED WARRANTIES OF MERCHANTABILITY AND FITNESS F
      +                          OR
    37                           ; PURPOSE ARE DISCLAIMED.  IN NO EVENT SHALL MICROCHIP BE LIABLE FOR ANY DIRECT, INDIREC
      +                          T,
    38                           ; INCIDENTAL, SPECIAL, EXEMPLARY, OR CONSEQUENTIAL DAMAGES (INCLUDING BUT NOT LIMITED TO
    39                           ; PROCUREMENT OF SUBSTITUTE GOODS OR SERVICES; LOSS OF USE, DATA OR PROFITS; OR BUSINESS
    40                           ; INTERRUPTION) HOWSOEVER CAUSED AND ON ANY THEORY OF LIABILITY, WHETHER IN CONTRACT, ST
      +                          RICT
    41                           ; LIABILITY, OR TORT (INCLUDING NEGLIGENCE OR OTHERWISE) ARISING IN ANY WAY OUT OF THE U
      +                          SE OF
    42                           ; THIS SOFTWARE, EVEN IF ADVISED OF THE POSSIBILITY OF SUCH DAMAGE.
    43                           ; 
    44                           ; 
    45                           ; Code-generator required, PIC16F1778 Definitions
    46                           ; 
    47                           ; SFR Addresses
    48  0000                     	;# 
    49  0001                     	;# 
    50  0002                     	;# 
    51  0003                     	;# 
    52  0004                     	;# 
    53  0005                     	;# 
    54  0006                     	;# 
    55  0007                     	;# 
    56  0008                     	;# 
    57  0009                     	;# 
    58  000A                     	;# 
    59  000B                     	;# 
    60  000C                     	;# 
    61  000D                     	;# 
    62  000E                     	;# 
    63  0010                     	;# 
    64  0011                     	;# 
    65  0012                     	;# 
    66  0013                     	;# 
    67  0014                     	;# 
    68  0015                     	;# 
    69  0016                     	;# 
    70  0017                     	;# 
    71  0018                     	;# 
    72  0018                     	;# 
    73  0019                     	;# 
    74  001A                     	;# 
    75  001B                     	;# 
    76  001C                     	;# 
    77  001C                     	;# 
    78  001D                     	;# 
    79  001E                     	;# 
    80  001F                     	;# 
    81  008C                     	;# 
    82  008D                     	;# 
    83  008E                     	;# 
    84  0090                     	;# 
    85  0091                     	;# 
    86  0092                     	;# 
    87  0093                     	;# 
    88  0094                     	;# 
    89  0095                     	;# 
    90  0096                     	;# 
    91  0097                     	;# 
    92  0098                     	;# 
    93  0099                     	;# 
    94  009A                     	;# 
    95  009B                     	;# 
    96  009C                     	;# 
    97  009D                     	;# 
    98  009E                     	;# 
    99  009F                     	;# 
   100  010C                     	;# 
   101  010D                     	;# 
   102  010E                     	;# 
   103  0111                     	;# 
   104  0112                     	;# 
   105  0113                     	;# 
   106  0114                     	;# 
   107  0115                     	;# 
   108  0116                     	;# 
   109  0117                     	;# 
   110  0118                     	;# 
   111  0119                     	;# 
   112  011A                     	;# 
   113  011B                     	;# 
   114  011C                     	;# 
   115  011D                     	;# 
   116  018C                     	;# 
   117  018D                     	;# 
   118  018E                     	;# 
   119  0191                     	;# 
   120  0191                     	;# 
   121  0192                     	;# 
   122  0193                     	;# 
   123  0193                     	;# 
   124  0194                     	;# 
   125  0195                     	;# 
   126  0196                     	;# 
   127  0197                     	;# 
   128  0199                     	;# 
   129  0199                     	;# 
   130  0199                     	;# 
   131  019A                     	;# 
   132  019A                     	;# 
   133  019A                     	;# 
   134  019B                     	;# 
   135  019B                     	;# 
   136  019B                     	;# 
   137  019B                     	;# 
   138  019B                     	;# 
   139  019C                     	;# 
   140  019C                     	;# 
   141  019C                     	;# 
   142  019D                     	;# 
   143  019D                     	;# 
   144  019D                     	;# 
   145  019E                     	;# 
   146  019E                     	;# 
   147  019E                     	;# 
   148  019F                     	;# 
   149  019F                     	;# 
   150  019F                     	;# 
   151  019F                     	;# 
   152  019F                     	;# 
   153  020C                     	;# 
   154  020D                     	;# 
   155  020E                     	;# 
   156  0210                     	;# 
   157  0211                     	;# 
   158  0211                     	;# 
   159  0212                     	;# 
   160  0212                     	;# 
   161  0213                     	;# 
   162  0213                     	;# 
   163  0214                     	;# 
   164  0214                     	;# 
   165  0215                     	;# 
   166  0215                     	;# 
   167  0215                     	;# 
   168  0215                     	;# 
   169  0216                     	;# 
   170  0216                     	;# 
   171  0217                     	;# 
   172  0217                     	;# 
   173  021B                     	;# 
   174  021C                     	;# 
   175  021D                     	;# 
   176  021E                     	;# 
   177  021F                     	;# 
   178  028C                     	;# 
   179  028D                     	;# 
   180  028E                     	;# 
   181  0291                     	;# 
   182  0291                     	;# 
   183  0292                     	;# 
   184  0293                     	;# 
   185  0294                     	;# 
   186  0295                     	;# 
   187  0295                     	;# 
   188  0296                     	;# 
   189  0297                     	;# 
   190  0298                     	;# 
   191  0299                     	;# 
   192  0299                     	;# 
   193  029A                     	;# 
   194  029B                     	;# 
   195  029C                     	;# 
   196  029E                     	;# 
   197  029F                     	;# 
   198  030C                     	;# 
   199  030D                     	;# 
   200  030E                     	;# 
   201  0315                     	;# 
   202  0316                     	;# 
   203  0317                     	;# 
   204  0318                     	;# 
   205  0319                     	;# 
   206  031B                     	;# 
   207  031C                     	;# 
   208  031D                     	;# 
   209  031E                     	;# 
   210  031F                     	;# 
   211  038C                     	;# 
   212  038D                     	;# 
   213  038E                     	;# 
   214  0390                     	;# 
   215  0391                     	;# 
   216  0392                     	;# 
   217  0393                     	;# 
   218  0394                     	;# 
   219  0395                     	;# 
   220  0396                     	;# 
   221  0397                     	;# 
   222  0398                     	;# 
   223  0399                     	;# 
   224  039D                     	;# 
   225  039E                     	;# 
   226  039F                     	;# 
   227  040D                     	;# 
   228  040F                     	;# 
   229  040F                     	;# 
   230  0410                     	;# 
   231  0411                     	;# 
   232  0412                     	;# 
   233  0413                     	;# 
   234  0413                     	;# 
   235  0414                     	;# 
   236  0414                     	;# 
   237  0415                     	;# 
   238  0416                     	;# 
   239  0417                     	;# 
   240  0418                     	;# 
   241  041A                     	;# 
   242  041A                     	;# 
   243  041B                     	;# 
   244  041B                     	;# 
   245  041C                     	;# 
   246  041D                     	;# 
   247  041E                     	;# 
   248  041F                     	;# 
   249  048E                     	;# 
   250  048E                     	;# 
   251  048F                     	;# 
   252  0490                     	;# 
   253  0491                     	;# 
   254  0492                     	;# 
   255  0493                     	;# 
   256  0493                     	;# 
   257  0494                     	;# 
   258  0494                     	;# 
   259  0495                     	;# 
   260  0496                     	;# 
   261  0497                     	;# 
   262  0498                     	;# 
   263  049A                     	;# 
   264  049A                     	;# 
   265  049B                     	;# 
   266  049B                     	;# 
   267  049C                     	;# 
   268  049D                     	;# 
   269  049E                     	;# 
   270  049F                     	;# 
   271  050F                     	;# 
   272  0510                     	;# 
   273  0511                     	;# 
   274  0512                     	;# 
   275  0513                     	;# 
   276  0514                     	;# 
   277  0515                     	;# 
   278  0516                     	;# 
   279  0517                     	;# 
   280  0518                     	;# 
   281  0519                     	;# 
   282  051A                     	;# 
   283  058D                     	;# 
   284  058E                     	;# 
   285  058F                     	;# 
   286  058F                     	;# 
   287  058F                     	;# 
   288  0590                     	;# 
   289  0590                     	;# 
   290  0591                     	;# 
   291  0592                     	;# 
   292  0592                     	;# 
   293  0592                     	;# 
   294  0593                     	;# 
   295  0593                     	;# 
   296  0594                     	;# 
   297  0595                     	;# 
   298  0595                     	;# 
   299  0596                     	;# 
   300  0597                     	;# 
   301  0597                     	;# 
   302  0598                     	;# 
   303  0599                     	;# 
   304  0599                     	;# 
   305  0599                     	;# 
   306  059A                     	;# 
   307  059A                     	;# 
   308  059E                     	;# 
   309  059F                     	;# 
   310  059F                     	;# 
   311  0614                     	;# 
   312  0614                     	;# 
   313  0615                     	;# 
   314  0616                     	;# 
   315  0617                     	;# 
   316  0617                     	;# 
   317  0618                     	;# 
   318  0619                     	;# 
   319  061A                     	;# 
   320  061A                     	;# 
   321  061B                     	;# 
   322  061C                     	;# 
   323  068D                     	;# 
   324  068E                     	;# 
   325  068F                     	;# 
   326  0690                     	;# 
   327  0691                     	;# 
   328  0692                     	;# 
   329  0693                     	;# 
   330  0694                     	;# 
   331  0695                     	;# 
   332  0696                     	;# 
   333  0697                     	;# 
   334  0698                     	;# 
   335  0699                     	;# 
   336  069A                     	;# 
   337  069B                     	;# 
   338  069C                     	;# 
   339  069D                     	;# 
   340  069E                     	;# 
   341  069F                     	;# 
   342  070D                     	;# 
   343  070E                     	;# 
   344  070F                     	;# 
   345  0710                     	;# 
   346  0711                     	;# 
   347  0712                     	;# 
   348  0713                     	;# 
   349  0714                     	;# 
   350  0715                     	;# 
   351  0716                     	;# 
   352  0717                     	;# 
   353  0718                     	;# 
   354  0719                     	;# 
   355  071A                     	;# 
   356  071B                     	;# 
   357  071C                     	;# 
   358  071D                     	;# 
   359  071E                     	;# 
   360  071F                     	;# 
   361  078E                     	;# 
   362  078F                     	;# 
   363  0790                     	;# 
   364  0791                     	;# 
   365  0792                     	;# 
   366  0793                     	;# 
   367  0794                     	;# 
   368  0795                     	;# 
   369  0796                     	;# 
   370  0797                     	;# 
   371  0798                     	;# 
   372  0799                     	;# 
   373  079A                     	;# 
   374  079B                     	;# 
   375  079C                     	;# 
   376  079D                     	;# 
   377  079E                     	;# 
   378  079F                     	;# 
   379  080D                     	;# 
   380  080E                     	;# 
   381  080F                     	;# 
   382  0810                     	;# 
   383  0811                     	;# 
   384  0812                     	;# 
   385  0813                     	;# 
   386  0814                     	;# 
   387  0815                     	;# 
   388  0816                     	;# 
   389  0817                     	;# 
   390  0818                     	;# 
   391  0819                     	;# 
   392  081A                     	;# 
   393  081B                     	;# 
   394  081C                     	;# 
   395  081D                     	;# 
   396  081E                     	;# 
   397  081F                     	;# 
   398  090C                     	;# 
   399  090D                     	;# 
   400  090E                     	;# 
   401  090F                     	;# 
   402  0910                     	;# 
   403  0911                     	;# 
   404  0912                     	;# 
   405  0913                     	;# 
   406  0914                     	;# 
   407  0915                     	;# 
   408  0916                     	;# 
   409  0917                     	;# 
   410  0D8E                     	;# 
   411  0D8F                     	;# 
   412  0D90                     	;# 
   413  0D91                     	;# 
   414  0D91                     	;# 
   415  0D92                     	;# 
   416  0D93                     	;# 
   417  0D93                     	;# 
   418  0D94                     	;# 
   419  0D95                     	;# 
   420  0D95                     	;# 
   421  0D96                     	;# 
   422  0D97                     	;# 
   423  0D97                     	;# 
   424  0D98                     	;# 
   425  0D99                     	;# 
   426  0D99                     	;# 
   427  0D9A                     	;# 
   428  0D9B                     	;# 
   429  0D9C                     	;# 
   430  0D9C                     	;# 
   431  0D9D                     	;# 
   432  0D9D                     	;# 
   433  0D9E                     	;# 
   434  0D9F                     	;# 
   435  0DA0                     	;# 
   436  0DA1                     	;# 
   437  0DA1                     	;# 
   438  0DA2                     	;# 
   439  0DA3                     	;# 
   440  0DA3                     	;# 
   441  0DA4                     	;# 
   442  0DA5                     	;# 
   443  0DA5                     	;# 
   444  0DA6                     	;# 
   445  0DA7                     	;# 
   446  0DA7                     	;# 
   447  0DA8                     	;# 
   448  0DA9                     	;# 
   449  0DA9                     	;# 
   450  0DAA                     	;# 
   451  0DAB                     	;# 
   452  0DAC                     	;# 
   453  0DAC                     	;# 
   454  0DAD                     	;# 
   455  0DAD                     	;# 
   456  0DAE                     	;# 
   457  0DAF                     	;# 
   458  0DB0                     	;# 
   459  0DB1                     	;# 
   460  0DB1                     	;# 
   461  0DB2                     	;# 
   462  0DB3                     	;# 
   463  0DB3                     	;# 
   464  0DB4                     	;# 
   465  0DB5                     	;# 
   466  0DB5                     	;# 
   467  0DB6                     	;# 
   468  0DB7                     	;# 
   469  0DB7                     	;# 
   470  0DB8                     	;# 
   471  0DB9                     	;# 
   472  0DB9                     	;# 
   473  0DBA                     	;# 
   474  0DBB                     	;# 
   475  0DBC                     	;# 
   476  0DBC                     	;# 
   477  0DBD                     	;# 
   478  0DBD                     	;# 
   479  0DBE                     	;# 
   480  0DBF                     	;# 
   481  0DC0                     	;# 
   482  0E0C                     	;# 
   483  0E0D                     	;# 
   484  0E0E                     	;# 
   485  0E0F                     	;# 
   486  0E10                     	;# 
   487  0E11                     	;# 
   488  0E12                     	;# 
   489  0E13                     	;# 
   490  0E14                     	;# 
   491  0E15                     	;# 
   492  0E15                     	;# 
   493  0E15                     	;# 
   494  0E16                     	;# 
   495  0E16                     	;# 
   496  0E16                     	;# 
   497  0E17                     	;# 
   498  0E17                     	;# 
   499  0E17                     	;# 
   500  0E18                     	;# 
   501  0E18                     	;# 
   502  0E18                     	;# 
   503  0E19                     	;# 
   504  0E1A                     	;# 
   505  0E1B                     	;# 
   506  0E1D                     	;# 
   507  0E1E                     	;# 
   508  0E1F                     	;# 
   509  0E21                     	;# 
   510  0E22                     	;# 
   511  0E23                     	;# 
   512  0E24                     	;# 
   513  0E25                     	;# 
   514  0E26                     	;# 
   515  0E27                     	;# 
   516  0E28                     	;# 
   517  0E29                     	;# 
   518  0E2D                     	;# 
   519  0E2E                     	;# 
   520  0E2F                     	;# 
   521  0E30                     	;# 
   522  0E31                     	;# 
   523  0E32                     	;# 
   524  0E35                     	;# 
   525  0E36                     	;# 
   526  0E37                     	;# 
   527  0E38                     	;# 
   528  0E39                     	;# 
   529  0E3A                     	;# 
   530  0E3B                     	;# 
   531  0E3C                     	;# 
   532  0E3D                     	;# 
   533  0E3E                     	;# 
   534  0E90                     	;# 
   535  0E91                     	;# 
   536  0E92                     	;# 
   537  0E93                     	;# 
   538  0E94                     	;# 
   539  0E95                     	;# 
   540  0E96                     	;# 
   541  0E97                     	;# 
   542  0E98                     	;# 
   543  0E99                     	;# 
   544  0E9A                     	;# 
   545  0E9B                     	;# 
   546  0E9C                     	;# 
   547  0E9D                     	;# 
   548  0E9E                     	;# 
   549  0E9F                     	;# 
   550  0EA0                     	;# 
   551  0EA1                     	;# 
   552  0EA2                     	;# 
   553  0EA3                     	;# 
   554  0EA4                     	;# 
   555  0EA5                     	;# 
   556  0EA6                     	;# 
   557  0EA7                     	;# 
   558  0F0F                     	;# 
   559  0F10                     	;# 
   560  0F11                     	;# 
   561  0F12                     	;# 
   562  0F13                     	;# 
   563  0F14                     	;# 
   564  0F15                     	;# 
   565  0F16                     	;# 
   566  0F17                     	;# 
   567  0F18                     	;# 
   568  0F19                     	;# 
   569  0F1A                     	;# 
   570  0F1B                     	;# 
   571  0F1C                     	;# 
   572  0F1D                     	;# 
   573  0F1E                     	;# 
   574  0F1F                     	;# 
   575  0F20                     	;# 
   576  0F21                     	;# 
   577  0F22                     	;# 
   578  0F23                     	;# 
   579  0F24                     	;# 
   580  0F25                     	;# 
   581  0F26                     	;# 
   582  0F27                     	;# 
   583  0F28                     	;# 
   584  0F29                     	;# 
   585  0F2A                     	;# 
   586  0F2B                     	;# 
   587  0F2C                     	;# 
   588  0F2D                     	;# 
   589  0F2E                     	;# 
   590  0F2F                     	;# 
   591  0F30                     	;# 
   592  0F31                     	;# 
   593  0F32                     	;# 
   594  0F33                     	;# 
   595  0F34                     	;# 
   596  0F35                     	;# 
   597  0F36                     	;# 
   598  0F37                     	;# 
   599  0FE4                     	;# 
   600  0FE5                     	;# 
   601  0FE6                     	;# 
   602  0FE7                     	;# 
   603  0FE8                     	;# 
   604  0FE9                     	;# 
   605  0FEA                     	;# 
   606  0FEB                     	;# 
   607  0FED                     	;# 
   608  0FEE                     	;# 
   609  0FEF                     	;# 
   610  0000                     	;# 
   611  0001                     	;# 
   612  0002                     	;# 
   613  0003                     	;# 
   614  0004                     	;# 
   615  0005                     	;# 
   616  0006                     	;# 
   617  0007                     	;# 
   618  0008                     	;# 
   619  0009                     	;# 
   620  000A                     	;# 
   621  000B                     	;# 
   622  000C                     	;# 
   623  000D                     	;# 
   624  000E                     	;# 
   625  0010                     	;# 
   626  0011                     	;# 
   627  0012                     	;# 
   628  0013                     	;# 
   629  0014                     	;# 
   630  0015                     	;# 
   631  0016                     	;# 
   632  0017                     	;# 
   633  0018                     	;# 
   634  0018                     	;# 
   635  0019                     	;# 
   636  001A                     	;# 
   637  001B                     	;# 
   638  001C                     	;# 
   639  001C                     	;# 
   640  001D                     	;# 
   641  001E                     	;# 
   642  001F                     	;# 
   643  008C                     	;# 
   644  008D                     	;# 
   645  008E                     	;# 
   646  0090                     	;# 
   647  0091                     	;# 
   648  0092                     	;# 
   649  0093                     	;# 
   650  0094                     	;# 
   651  0095                     	;# 
   652  0096                     	;# 
   653  0097                     	;# 
   654  0098                     	;# 
   655  0099                     	;# 
   656  009A                     	;# 
   657  009B                     	;# 
   658  009C                     	;# 
   659  009D                     	;# 
   660  009E                     	;# 
   661  009F                     	;# 
   662  010C                     	;# 
   663  010D                     	;# 
   664  010E                     	;# 
   665  0111                     	;# 
   666  0112                     	;# 
   667  0113                     	;# 
   668  0114                     	;# 
   669  0115                     	;# 
   670  0116                     	;# 
   671  0117                     	;# 
   672  0118                     	;# 
   673  0119                     	;# 
   674  011A                     	;# 
   675  011B                     	;# 
   676  011C                     	;# 
   677  011D                     	;# 
   678  018C                     	;# 
   679  018D                     	;# 
   680  018E                     	;# 
   681  0191                     	;# 
   682  0191                     	;# 
   683  0192                     	;# 
   684  0193                     	;# 
   685  0193                     	;# 
   686  0194                     	;# 
   687  0195                     	;# 
   688  0196                     	;# 
   689  0197                     	;# 
   690  0199                     	;# 
   691  0199                     	;# 
   692  0199                     	;# 
   693  019A                     	;# 
   694  019A                     	;# 
   695  019A                     	;# 
   696  019B                     	;# 
   697  019B                     	;# 
   698  019B                     	;# 
   699  019B                     	;# 
   700  019B                     	;# 
   701  019C                     	;# 
   702  019C                     	;# 
   703  019C                     	;# 
   704  019D                     	;# 
   705  019D                     	;# 
   706  019D                     	;# 
   707  019E                     	;# 
   708  019E                     	;# 
   709  019E                     	;# 
   710  019F                     	;# 
   711  019F                     	;# 
   712  019F                     	;# 
   713  019F                     	;# 
   714  019F                     	;# 
   715  020C                     	;# 
   716  020D                     	;# 
   717  020E                     	;# 
   718  0210                     	;# 
   719  0211                     	;# 
   720  0211                     	;# 
   721  0212                     	;# 
   722  0212                     	;# 
   723  0213                     	;# 
   724  0213                     	;# 
   725  0214                     	;# 
   726  0214                     	;# 
   727  0215                     	;# 
   728  0215                     	;# 
   729  0215                     	;# 
   730  0215                     	;# 
   731  0216                     	;# 
   732  0216                     	;# 
   733  0217                     	;# 
   734  0217                     	;# 
   735  021B                     	;# 
   736  021C                     	;# 
   737  021D                     	;# 
   738  021E                     	;# 
   739  021F                     	;# 
   740  028C                     	;# 
   741  028D                     	;# 
   742  028E                     	;# 
   743  0291                     	;# 
   744  0291                     	;# 
   745  0292                     	;# 
   746  0293                     	;# 
   747  0294                     	;# 
   748  0295                     	;# 
   749  0295                     	;# 
   750  0296                     	;# 
   751  0297                     	;# 
   752  0298                     	;# 
   753  0299                     	;# 
   754  0299                     	;# 
   755  029A                     	;# 
   756  029B                     	;# 
   757  029C                     	;# 
   758  029E                     	;# 
   759  029F                     	;# 
   760  030C                     	;# 
   761  030D                     	;# 
   762  030E                     	;# 
   763  0315                     	;# 
   764  0316                     	;# 
   765  0317                     	;# 
   766  0318                     	;# 
   767  0319                     	;# 
   768  031B                     	;# 
   769  031C                     	;# 
   770  031D                     	;# 
   771  031E                     	;# 
   772  031F                     	;# 
   773  038C                     	;# 
   774  038D                     	;# 
   775  038E                     	;# 
   776  0390                     	;# 
   777  0391                     	;# 
   778  0392                     	;# 
   779  0393                     	;# 
   780  0394                     	;# 
   781  0395                     	;# 
   782  0396                     	;# 
   783  0397                     	;# 
   784  0398                     	;# 
   785  0399                     	;# 
   786  039D                     	;# 
   787  039E                     	;# 
   788  039F                     	;# 
   789  040D                     	;# 
   790  040F                     	;# 
   791  040F                     	;# 
   792  0410                     	;# 
   793  0411                     	;# 
   794  0412                     	;# 
   795  0413                     	;# 
   796  0413                     	;# 
   797  0414                     	;# 
   798  0414                     	;# 
   799  0415                     	;# 
   800  0416                     	;# 
   801  0417                     	;# 
   802  0418                     	;# 
   803  041A                     	;# 
   804  041A                     	;# 
   805  041B                     	;# 
   806  041B                     	;# 
   807  041C                     	;# 
   808  041D                     	;# 
   809  041E                     	;# 
   810  041F                     	;# 
   811  048E                     	;# 
   812  048E                     	;# 
   813  048F                     	;# 
   814  0490                     	;# 
   815  0491                     	;# 
   816  0492                     	;# 
   817  0493                     	;# 
   818  0493                     	;# 
   819  0494                     	;# 
   820  0494                     	;# 
   821  0495                     	;# 
   822  0496                     	;# 
   823  0497                     	;# 
   824  0498                     	;# 
   825  049A                     	;# 
   826  049A                     	;# 
   827  049B                     	;# 
   828  049B                     	;# 
   829  049C                     	;# 
   830  049D                     	;# 
   831  049E                     	;# 
   832  049F                     	;# 
   833  050F                     	;# 
   834  0510                     	;# 
   835  0511                     	;# 
   836  0512                     	;# 
   837  0513                     	;# 
   838  0514                     	;# 
   839  0515                     	;# 
   840  0516                     	;# 
   841  0517                     	;# 
   842  0518                     	;# 
   843  0519                     	;# 
   844  051A                     	;# 
   845  058D                     	;# 
   846  058E                     	;# 
   847  058F                     	;# 
   848  058F                     	;# 
   849  058F                     	;# 
   850  0590                     	;# 
   851  0590                     	;# 
   852  0591                     	;# 
   853  0592                     	;# 
   854  0592                     	;# 
   855  0592                     	;# 
   856  0593                     	;# 
   857  0593                     	;# 
   858  0594                     	;# 
   859  0595                     	;# 
   860  0595                     	;# 
   861  0596                     	;# 
   862  0597                     	;# 
   863  0597                     	;# 
   864  0598                     	;# 
   865  0599                     	;# 
   866  0599                     	;# 
   867  0599                     	;# 
   868  059A                     	;# 
   869  059A                     	;# 
   870  059E                     	;# 
   871  059F                     	;# 
   872  059F                     	;# 
   873  0614                     	;# 
   874  0614                     	;# 
   875  0615                     	;# 
   876  0616                     	;# 
   877  0617                     	;# 
   878  0617                     	;# 
   879  0618                     	;# 
   880  0619                     	;# 
   881  061A                     	;# 
   882  061A                     	;# 
   883  061B                     	;# 
   884  061C                     	;# 
   885  068D                     	;# 
   886  068E                     	;# 
   887  068F                     	;# 
   888  0690                     	;# 
   889  0691                     	;# 
   890  0692                     	;# 
   891  0693                     	;# 
   892  0694                     	;# 
   893  0695                     	;# 
   894  0696                     	;# 
   895  0697                     	;# 
   896  0698                     	;# 
   897  0699                     	;# 
   898  069A                     	;# 
   899  069B                     	;# 
   900  069C                     	;# 
   901  069D                     	;# 
   902  069E                     	;# 
   903  069F                     	;# 
   904  070D                     	;# 
   905  070E                     	;# 
   906  070F                     	;# 
   907  0710                     	;# 
   908  0711                     	;# 
   909  0712                     	;# 
   910  0713                     	;# 
   911  0714                     	;# 
   912  0715                     	;# 
   913  0716                     	;# 
   914  0717                     	;# 
   915  0718                     	;# 
   916  0719                     	;# 
   917  071A                     	;# 
   918  071B                     	;# 
   919  071C                     	;# 
   920  071D                     	;# 
   921  071E                     	;# 
   922  071F                     	;# 
   923  078E                     	;# 
   924  078F                     	;# 
   925  0790                     	;# 
   926  0791                     	;# 
   927  0792                     	;# 
   928  0793                     	;# 
   929  0794                     	;# 
   930  0795                     	;# 
   931  0796                     	;# 
   932  0797                     	;# 
   933  0798                     	;# 
   934  0799                     	;# 
   935  079A                     	;# 
   936  079B                     	;# 
   937  079C                     	;# 
   938  079D                     	;# 
   939  079E                     	;# 
   940  079F                     	;# 
   941  080D                     	;# 
   942  080E                     	;# 
   943  080F                     	;# 
   944  0810                     	;# 
   945  0811                     	;# 
   946  0812                     	;# 
   947  0813                     	;# 
   948  0814                     	;# 
   949  0815                     	;# 
   950  0816                     	;# 
   951  0817                     	;# 
   952  0818                     	;# 
   953  0819                     	;# 
   954  081A                     	;# 
   955  081B                     	;# 
   956  081C                     	;# 
   957  081D                     	;# 
   958  081E                     	;# 
   959  081F                     	;# 
   960  090C                     	;# 
   961  090D                     	;# 
   962  090E                     	;# 
   963  090F                     	;# 
   964  0910                     	;# 
   965  0911                     	;# 
   966  0912                     	;# 
   967  0913                     	;# 
   968  0914                     	;# 
   969  0915                     	;# 
   970  0916                     	;# 
   971  0917                     	;# 
   972  0D8E                     	;# 
   973  0D8F                     	;# 
   974  0D90                     	;# 
   975  0D91                     	;# 
   976  0D91                     	;# 
   977  0D92                     	;# 
   978  0D93                     	;# 
   979  0D93                     	;# 
   980  0D94                     	;# 
   981  0D95                     	;# 
   982  0D95                     	;# 
   983  0D96                     	;# 
   984  0D97                     	;# 
   985  0D97                     	;# 
   986  0D98                     	;# 
   987  0D99                     	;# 
   988  0D99                     	;# 
   989  0D9A                     	;# 
   990  0D9B                     	;# 
   991  0D9C                     	;# 
   992  0D9C                     	;# 
   993  0D9D                     	;# 
   994  0D9D                     	;# 
   995  0D9E                     	;# 
   996  0D9F                     	;# 
   997  0DA0                     	;# 
   998  0DA1                     	;# 
   999  0DA1                     	;# 
  1000  0DA2                     	;# 
  1001  0DA3                     	;# 
  1002  0DA3                     	;# 
  1003  0DA4                     	;# 
  1004  0DA5                     	;# 
  1005  0DA5                     	;# 
  1006  0DA6                     	;# 
  1007  0DA7                     	;# 
  1008  0DA7                     	;# 
  1009  0DA8                     	;# 
  1010  0DA9                     	;# 
  1011  0DA9                     	;# 
  1012  0DAA                     	;# 
  1013  0DAB                     	;# 
  1014  0DAC                     	;# 
  1015  0DAC                     	;# 
  1016  0DAD                     	;# 
  1017  0DAD                     	;# 
  1018  0DAE                     	;# 
  1019  0DAF                     	;# 
  1020  0DB0                     	;# 
  1021  0DB1                     	;# 
  1022  0DB1                     	;# 
  1023  0DB2                     	;# 
  1024  0DB3                     	;# 
  1025  0DB3                     	;# 
  1026  0DB4                     	;# 
  1027  0DB5                     	;# 
  1028  0DB5                     	;# 
  1029  0DB6                     	;# 
  1030  0DB7                     	;# 
  1031  0DB7                     	;# 
  1032  0DB8                     	;# 
  1033  0DB9                     	;# 
  1034  0DB9                     	;# 
  1035  0DBA                     	;# 
  1036  0DBB                     	;# 
  1037  0DBC                     	;# 
  1038  0DBC                     	;# 
  1039  0DBD                     	;# 
  1040  0DBD                     	;# 
  1041  0DBE                     	;# 
  1042  0DBF                     	;# 
  1043  0DC0                     	;# 
  1044  0E0C                     	;# 
  1045  0E0D                     	;# 
  1046  0E0E                     	;# 
  1047  0E0F                     	;# 
  1048  0E10                     	;# 
  1049  0E11                     	;# 
  1050  0E12                     	;# 
  1051  0E13                     	;# 
  1052  0E14                     	;# 
  1053  0E15                     	;# 
  1054  0E15                     	;# 
  1055  0E15                     	;# 
  1056  0E16                     	;# 
  1057  0E16                     	;# 
  1058  0E16                     	;# 
  1059  0E17                     	;# 
  1060  0E17                     	;# 
  1061  0E17                     	;# 
  1062  0E18                     	;# 
  1063  0E18                     	;# 
  1064  0E18                     	;# 
  1065  0E19                     	;# 
  1066  0E1A                     	;# 
  1067  0E1B                     	;# 
  1068  0E1D                     	;# 
  1069  0E1E                     	;# 
  1070  0E1F                     	;# 
  1071  0E21                     	;# 
  1072  0E22                     	;# 
  1073  0E23                     	;# 
  1074  0E24                     	;# 
  1075  0E25                     	;# 
  1076  0E26                     	;# 
  1077  0E27                     	;# 
  1078  0E28                     	;# 
  1079  0E29                     	;# 
  1080  0E2D                     	;# 
  1081  0E2E                     	;# 
  1082  0E2F                     	;# 
  1083  0E30                     	;# 
  1084  0E31                     	;# 
  1085  0E32                     	;# 
  1086  0E35                     	;# 
  1087  0E36                     	;# 
  1088  0E37                     	;# 
  1089  0E38                     	;# 
  1090  0E39                     	;# 
  1091  0E3A                     	;# 
  1092  0E3B                     	;# 
  1093  0E3C                     	;# 
  1094  0E3D                     	;# 
  1095  0E3E                     	;# 
  1096  0E90                     	;# 
  1097  0E91                     	;# 
  1098  0E92                     	;# 
  1099  0E93                     	;# 
  1100  0E94                     	;# 
  1101  0E95                     	;# 
  1102  0E96                     	;# 
  1103  0E97                     	;# 
  1104  0E98                     	;# 
  1105  0E99                     	;# 
  1106  0E9A                     	;# 
  1107  0E9B                     	;# 
  1108  0E9C                     	;# 
  1109  0E9D                     	;# 
  1110  0E9E                     	;# 
  1111  0E9F                     	;# 
  1112  0EA0                     	;# 
  1113  0EA1                     	;# 
  1114  0EA2                     	;# 
  1115  0EA3                     	;# 
  1116  0EA4                     	;# 
  1117  0EA5                     	;# 
  1118  0EA6                     	;# 
  1119  0EA7                     	;# 
  1120  0F0F                     	;# 
  1121  0F10                     	;# 
  1122  0F11                     	;# 
  1123  0F12                     	;# 
  1124  0F13                     	;# 
  1125  0F14                     	;# 
  1126  0F15                     	;# 
  1127  0F16                     	;# 
  1128  0F17                     	;# 
  1129  0F18                     	;# 
  1130  0F19                     	;# 
  1131  0F1A                     	;# 
  1132  0F1B                     	;# 
  1133  0F1C                     	;# 
  1134  0F1D                     	;# 
  1135  0F1E                     	;# 
  1136  0F1F                     	;# 
  1137  0F20                     	;# 
  1138  0F21                     	;# 
  1139  0F22                     	;# 
  1140  0F23                     	;# 
  1141  0F24                     	;# 
  1142  0F25                     	;# 
  1143  0F26                     	;# 
  1144  0F27                     	;# 
  1145  0F28                     	;# 
  1146  0F29                     	;# 
  1147  0F2A                     	;# 
  1148  0F2B                     	;# 
  1149  0F2C                     	;# 
  1150  0F2D                     	;# 
  1151  0F2E                     	;# 
  1152  0F2F                     	;# 
  1153  0F30                     	;# 
  1154  0F31                     	;# 
  1155  0F32                     	;# 
  1156  0F33                     	;# 
  1157  0F34                     	;# 
  1158  0F35                     	;# 
  1159  0F36                     	;# 
  1160  0F37                     	;# 
  1161  0FE4                     	;# 
  1162  0FE5                     	;# 
  1163  0FE6                     	;# 
  1164  0FE7                     	;# 
  1165  0FE8                     	;# 
  1166  0FE9                     	;# 
  1167  0FEA                     	;# 
  1168  0FEB                     	;# 
  1169  0FED                     	;# 
  1170  0FEE                     	;# 
  1171  0FEF                     	;# 
  1172                           
  1173                           	psect	stringtext1
  1174  0800                     __pstringtext1:	
  1175  0800                     SineArray@Array:	
  1176  0800  34F4               	retlw	244
  1177  0801  3401               	retlw	1
  1178  0802  3413               	retlw	19
  1179  0803  3402               	retlw	2
  1180  0804  3433               	retlw	51
  1181  0805  3402               	retlw	2
  1182  0806  3452               	retlw	82
  1183  0807  3402               	retlw	2
  1184  0808  3470               	retlw	112
  1185  0809  3402               	retlw	2
  1186  080A  348F               	retlw	143
  1187  080B  3402               	retlw	2
  1188  080C  34AC               	retlw	172
  1189  080D  3402               	retlw	2
  1190  080E  34C9               	retlw	201
  1191  080F  3402               	retlw	2
  1192  0810  34E5               	retlw	229
  1193  0811  3402               	retlw	2
  1194  0812  3400               	retlw	0
  1195  0813  3403               	retlw	3
  1196  0814  341A               	retlw	26
  1197  0815  3403               	retlw	3
  1198  0816  3433               	retlw	51
  1199  0817  3403               	retlw	3
  1200  0818  344A               	retlw	74
  1201  0819  3403               	retlw	3
  1202  081A  3460               	retlw	96
  1203  081B  3403               	retlw	3
  1204  081C  3475               	retlw	117
  1205  081D  3403               	retlw	3
  1206  081E  3489               	retlw	137
  1207  081F  3403               	retlw	3
  1208  0820  349A               	retlw	154
  1209  0821  3403               	retlw	3
  1210  0822  34AA               	retlw	170
  1211  0823  3403               	retlw	3
  1212  0824  34B8               	retlw	184
  1213  0825  3403               	retlw	3
  1214  0826  34C5               	retlw	197
  1215  0827  3403               	retlw	3
  1216  0828  34D0               	retlw	208
  1217  0829  3403               	retlw	3
  1218  082A  34D8               	retlw	216
  1219  082B  3403               	retlw	3
  1220  082C  34DF               	retlw	223
  1221  082D  3403               	retlw	3
  1222  082E  34E4               	retlw	228
  1223  082F  3403               	retlw	3
  1224  0830  34E7               	retlw	231
  1225  0831  3403               	retlw	3
  1226  0832  34E8               	retlw	232
  1227  0833  3403               	retlw	3
  1228  0834  34E7               	retlw	231
  1229  0835  3403               	retlw	3
  1230  0836  34E4               	retlw	228
  1231  0837  3403               	retlw	3
  1232  0838  34DF               	retlw	223
  1233  0839  3403               	retlw	3
  1234  083A  34D8               	retlw	216
  1235  083B  3403               	retlw	3
  1236  083C  34D0               	retlw	208
  1237  083D  3403               	retlw	3
  1238  083E  34C5               	retlw	197
  1239  083F  3403               	retlw	3
  1240  0840  34B8               	retlw	184
  1241  0841  3403               	retlw	3
  1242  0842  34AA               	retlw	170
  1243  0843  3403               	retlw	3
  1244  0844  349A               	retlw	154
  1245  0845  3403               	retlw	3
  1246  0846  3489               	retlw	137
  1247  0847  3403               	retlw	3
  1248  0848  3475               	retlw	117
  1249  0849  3403               	retlw	3
  1250  084A  3460               	retlw	96
  1251  084B  3403               	retlw	3
  1252  084C  344A               	retlw	74
  1253  084D  3403               	retlw	3
  1254  084E  3433               	retlw	51
  1255  084F  3403               	retlw	3
  1256  0850  341A               	retlw	26
  1257  0851  3403               	retlw	3
  1258  0852  3400               	retlw	0
  1259  0853  3403               	retlw	3
  1260  0854  34E5               	retlw	229
  1261  0855  3402               	retlw	2
  1262  0856  34C9               	retlw	201
  1263  0857  3402               	retlw	2
  1264  0858  34AC               	retlw	172
  1265  0859  3402               	retlw	2
  1266  085A  348F               	retlw	143
  1267  085B  3402               	retlw	2
  1268  085C  3470               	retlw	112
  1269  085D  3402               	retlw	2
  1270  085E  3452               	retlw	82
  1271  085F  3402               	retlw	2
  1272  0860  3433               	retlw	51
  1273  0861  3402               	retlw	2
  1274  0862  3413               	retlw	19
  1275  0863  3402               	retlw	2
  1276  0864  34F4               	retlw	244
  1277  0865  3401               	retlw	1
  1278  0866  34D5               	retlw	213
  1279  0867  3401               	retlw	1
  1280  0868  34B5               	retlw	181
  1281  0869  3401               	retlw	1
  1282  086A  3496               	retlw	150
  1283  086B  3401               	retlw	1
  1284  086C  3478               	retlw	120
  1285  086D  3401               	retlw	1
  1286  086E  3459               	retlw	89
  1287  086F  3401               	retlw	1
  1288  0870  343C               	retlw	60
  1289  0871  3401               	retlw	1
  1290  0872  341F               	retlw	31
  1291  0873  3401               	retlw	1
  1292  0874  3403               	retlw	3
  1293  0875  3401               	retlw	1
  1294  0876  34E8               	retlw	232
  1295  0877  3400               	retlw	0
  1296  0878  34CE               	retlw	206
  1297  0879  3400               	retlw	0
  1298  087A  34B5               	retlw	181
  1299  087B  3400               	retlw	0
  1300  087C  349E               	retlw	158
  1301  087D  3400               	retlw	0
  1302  087E  3488               	retlw	136
  1303  087F  3400               	retlw	0
  1304  0880  3473               	retlw	115
  1305  0881  3400               	retlw	0
  1306  0882  345F               	retlw	95
  1307  0883  3400               	retlw	0
  1308  0884  344E               	retlw	78
  1309  0885  3400               	retlw	0
  1310  0886  343E               	retlw	62
  1311  0887  3400               	retlw	0
  1312  0888  3430               	retlw	48
  1313  0889  3400               	retlw	0
  1314  088A  3423               	retlw	35
  1315  088B  3400               	retlw	0
  1316  088C  3418               	retlw	24
  1317  088D  3400               	retlw	0
  1318  088E  3410               	retlw	16
  1319  088F  3400               	retlw	0
  1320  0890  3409               	retlw	9
  1321  0891  3400               	retlw	0
  1322  0892  3404               	retlw	4
  1323  0893  3400               	retlw	0
  1324  0894  3401               	retlw	1
  1325  0895  3400               	retlw	0
  1326  0896  3400               	retlw	0
  1327  0897  3400               	retlw	0
  1328  0898  3401               	retlw	1
  1329  0899  3400               	retlw	0
  1330  089A  3404               	retlw	4
  1331  089B  3400               	retlw	0
  1332  089C  3409               	retlw	9
  1333  089D  3400               	retlw	0
  1334  089E  3410               	retlw	16
  1335  089F  3400               	retlw	0
  1336  08A0  3418               	retlw	24
  1337  08A1  3400               	retlw	0
  1338  08A2  3423               	retlw	35
  1339  08A3  3400               	retlw	0
  1340  08A4  3430               	retlw	48
  1341  08A5  3400               	retlw	0
  1342  08A6  343E               	retlw	62
  1343  08A7  3400               	retlw	0
  1344  08A8  344E               	retlw	78
  1345  08A9  3400               	retlw	0
  1346  08AA  345F               	retlw	95
  1347  08AB  3400               	retlw	0
  1348  08AC  3473               	retlw	115
  1349  08AD  3400               	retlw	0
  1350  08AE  3488               	retlw	136
  1351  08AF  3400               	retlw	0
  1352  08B0  349E               	retlw	158
  1353  08B1  3400               	retlw	0
  1354  08B2  34B5               	retlw	181
  1355  08B3  3400               	retlw	0
  1356  08B4  34CE               	retlw	206
  1357  08B5  3400               	retlw	0
  1358  08B6  34E8               	retlw	232
  1359  08B7  3400               	retlw	0
  1360  08B8  3403               	retlw	3
  1361  08B9  3401               	retlw	1
  1362  08BA  341F               	retlw	31
  1363  08BB  3401               	retlw	1
  1364  08BC  343C               	retlw	60
  1365  08BD  3401               	retlw	1
  1366  08BE  3459               	retlw	89
  1367  08BF  3401               	retlw	1
  1368  08C0  3478               	retlw	120
  1369  08C1  3401               	retlw	1
  1370  08C2  3496               	retlw	150
  1371  08C3  3401               	retlw	1
  1372  08C4  34B5               	retlw	181
  1373  08C5  3401               	retlw	1
  1374  08C6  34D5               	retlw	213
  1375  08C7  3401               	retlw	1
  1376  08C8                     __end_ofSineArray@Array:	
  1377  0011                     _PIR1bits	set	17
  1378  008C                     _TRISAbits	set	140
  1379  008E                     _TRISCbits	set	142
  1380  009C                     _OSCSTATbits	set	156
  1381  009B                     _OSCCON	set	155
  1382  018C                     _ANSELAbits	set	396
  1383  018E                     _ANSELCbits	set	398
  1384  0495                     _T2CON	set	1173
  1385  0497                     _T2CLKCON	set	1175
  1386  0494                     _T2PR	set	1172
  1387  058D                     _DACLD	set	1421
  1388  058F                     _DAC1REFL	set	1423
  1389  0590                     _DAC1REFH	set	1424
  1390  058E                     _DAC1CON0	set	1422
  1391                           
  1392                           ; #config settings
  1393  0000                     
  1394                           	psect	cinit
  1395  07FC                     start_initialization:	
  1396  07FC                     __initialization:	
  1397                           
  1398                           ; Clear objects allocated to COMMON
  1399  07FC  01F6               	clrf	__pbssCOMMON& (0+127)
  1400  07FD                     end_of_initialization:	
  1401                           ;End of C runtime variable initialization code
  1402                           
  1403  07FD                     __end_of__initialization:	
  1404  07FD  0020               	movlb	0
  1405  07FE  3187  2FD0         	ljmp	_main	;jump to C main() function
  1406                           
  1407                           	psect	bssCOMMON
  1408  0076                     __pbssCOMMON:	
  1409  0076                     SineArray@ArrayIndex:	
  1410  0076                     	ds	1
  1411                           
  1412                           	psect	cstackCOMMON
  1413  0070                     __pcstackCOMMON:	
  1414  0070                     ?_Lab2_writeDAC:	
  1415  0070                     ?_Lab2_ConfigureTimer2:	
  1416                           ; 1 bytes @ 0x0
  1417                           
  1418  0070                     ??_Lab2_ConfigureTimer2:	
  1419                           ; 1 bytes @ 0x0
  1420                           
  1421  0070                     ?_main:	
  1422                           ; 1 bytes @ 0x0
  1423                           
  1424  0070                     ?_SineArray:	
  1425                           ; 1 bytes @ 0x0
  1426                           
  1427  0070                     Lab2_ConfigureTimer2@TimerPeriod_us:	
  1428                           ; 2 bytes @ 0x0
  1429                           
  1430  0070                     Lab2_writeDAC@write_value:	
  1431                           ; 1 bytes @ 0x0
  1432                           
  1433                           
  1434                           ; 2 bytes @ 0x0
  1435  0070                     	ds	2
  1436  0072                     ??_SineArray:	
  1437  0072                     ??_Lab2_writeDAC:	
  1438                           ; 1 bytes @ 0x2
  1439                           
  1440                           
  1441                           ; 1 bytes @ 0x2
  1442  0072                     	ds	2
  1443  0074                     ??_main:	
  1444  0074                     main@x:	
  1445                           ; 1 bytes @ 0x4
  1446                           
  1447                           
  1448                           ; 2 bytes @ 0x4
  1449  0074                     	ds	2
  1450                           
  1451                           	psect	maintext
  1452  07D0                     __pmaintext:	
  1453 ;;
  1454 ;;Main: autosize = 0, tempsize = 0, incstack = 0, save=0
  1455 ;;
  1456 ;; *************** function _main *****************
  1457 ;; Defined at:
  1458 ;;		line 10 in file "Main.c"
  1459 ;; Parameters:    Size  Location     Type
  1460 ;;		None
  1461 ;; Auto vars:     Size  Location     Type
  1462 ;;  x               2    4[COMMON] short 
  1463 ;; Return value:  Size  Location     Type
  1464 ;;                  1    wreg      void 
  1465 ;; Registers used:
  1466 ;;		wreg, fsr0l, fsr0h, status,2, status,0, pclath, cstack
  1467 ;; Tracked objects:
  1468 ;;		On entry : B1F/0
  1469 ;;		On exit  : 0/0
  1470 ;;		Unchanged: 0/0
  1471 ;; Data sizes:     COMMON   BANK0   BANK1   BANK2   BANK3   BANK4   BANK5   BANK6   BANK7   BANK8   BANK9  BANK10  BANK1
      +1  BANK12  BANK13  BANK14  BANK15  BANK16  BANK17  BANK18  BANK19  BANK20  BANK21  BANK22  BANK23  BANK24  BANK25
  1472 ;;      Params:         0       0       0       0       0       0       0       0       0       0       0       0       
      +0       0       0       0       0       0       0       0       0       0       0       0       0       0       0
  1473 ;;      Locals:         2       0       0       0       0       0       0       0       0       0       0       0       
      +0       0       0       0       0       0       0       0       0       0       0       0       0       0       0
  1474 ;;      Temps:          0       0       0       0       0       0       0       0       0       0       0       0       
      +0       0       0       0       0       0       0       0       0       0       0       0       0       0       0
  1475 ;;      Totals:         2       0       0       0       0       0       0       0       0       0       0       0       
      +0       0       0       0       0       0       0       0       0       0       0       0       0       0       0
  1476 ;;Total ram usage:        2 bytes
  1477 ;; Hardware stack levels required when called:    1
  1478 ;; This function calls:
  1479 ;;		_Lab2_ConfigureTimer2
  1480 ;;		_Lab2_writeDAC
  1481 ;;		_SineArray
  1482 ;; This function is called by:
  1483 ;;		Startup code after reset
  1484 ;; This function uses a non-reentrant model
  1485 ;;
  1486                           
  1487                           
  1488                           ;psect for function _main
  1489  07D0                     _main:	
  1490  07D0                     l634:	
  1491                           ;incstack = 0
  1492                           ; Regs used in _main: [wreg-fsr0h+status,2+status,0+pclath+cstack]
  1493                           
  1494                           
  1495                           ;Main.c: 13:     OSCCON = 0xF4;
  1496  07D0  30F4               	movlw	244
  1497  07D1  0021               	movlb	1	; select bank1
  1498  07D2  009B               	movwf	27	;volatile
  1499  07D3                     l44:	
  1500                           ;Main.c: 16:     while(OSCSTATbits.HFIOFR == 0);
  1501                           
  1502  07D3  1E1C               	btfss	28,4	;volatile
  1503  07D4  2FD6               	goto	u51
  1504  07D5  2FD7               	goto	u50
  1505  07D6                     u51:	
  1506  07D6  2FD3               	goto	l44
  1507  07D7                     u50:	
  1508  07D7                     l46:	
  1509                           
  1510                           ;Main.c: 19:     TRISCbits.TRISC6 = 1;
  1511  07D7  170E               	bsf	14,6	;volatile
  1512                           
  1513                           ;Main.c: 20:     ANSELCbits.ANSC6 = 0;
  1514  07D8  0023               	movlb	3	; select bank3
  1515  07D9  130E               	bcf	14,6	;volatile
  1516                           
  1517                           ;Main.c: 24:     TRISAbits.TRISA2 = 0;
  1518  07DA  0021               	movlb	1	; select bank1
  1519  07DB  110C               	bcf	12,2	;volatile
  1520                           
  1521                           ;Main.c: 25:     ANSELAbits.ANSA2 = 1;
  1522  07DC  0023               	movlb	3	; select bank3
  1523  07DD  150C               	bsf	12,2	;volatile
  1524  07DE                     l636:	
  1525                           
  1526                           ;Main.c: 27:     DAC1CON0 = 0xB0;
  1527  07DE  30B0               	movlw	176
  1528  07DF  002B               	movlb	11	; select bank11
  1529  07E0  008E               	movwf	14	;volatile
  1530  07E1                     l638:	
  1531                           
  1532                           ;Main.c: 33:     Lab2_ConfigureTimer2(100);
  1533  07E1  3064               	movlw	100
  1534  07E2  3187  27AD  3187   	fcall	_Lab2_ConfigureTimer2
  1535  07E5                     l640:	
  1536                           
  1537                           ;Main.c: 37:     {;Main.c: 42:         short x = SineArray();
  1538  07E5  3187  27B8  3187   	fcall	_SineArray
  1539  07E8  0871               	movf	?_SineArray+1,w
  1540  07E9  00F5               	movwf	main@x+1
  1541  07EA  0870               	movf	?_SineArray,w
  1542  07EB  00F4               	movwf	main@x
  1543  07EC                     l642:	
  1544                           
  1545                           ;Main.c: 47:         Lab2_writeDAC(x);
  1546  07EC  0875               	movf	main@x+1,w
  1547  07ED  00F1               	movwf	Lab2_writeDAC@write_value+1
  1548  07EE  0874               	movf	main@x,w
  1549  07EF  00F0               	movwf	Lab2_writeDAC@write_value
  1550  07F0  3187  27A5  3187   	fcall	_Lab2_writeDAC
  1551  07F3                     l48:	
  1552                           ;Main.c: 54:         while(!PIR1bits.TMR2IF);
  1553                           
  1554  07F3  0020               	movlb	0	; select bank0
  1555  07F4  1C91               	btfss	17,1	;volatile
  1556  07F5  2FF7               	goto	u61
  1557  07F6  2FF8               	goto	u60
  1558  07F7                     u61:	
  1559  07F7  2FF3               	goto	l48
  1560  07F8                     u60:	
  1561  07F8                     l50:	
  1562                           
  1563                           ;Main.c: 57:         PIR1bits.TMR2IF = 0;
  1564  07F8  1091               	bcf	17,1	;volatile
  1565  07F9  2FE5               	goto	l640
  1566  07FA  3180  2802         	ljmp	start
  1567  07FC                     __end_of_main:	
  1568                           
  1569                           	psect	text1
  1570  07B8                     __ptext1:	
  1571 ;; *************** function _SineArray *****************
  1572 ;; Defined at:
  1573 ;;		line 67 in file "Main.c"
  1574 ;; Parameters:    Size  Location     Type
  1575 ;;		None
  1576 ;; Auto vars:     Size  Location     Type
  1577 ;;		None
  1578 ;; Return value:  Size  Location     Type
  1579 ;;                  2    0[COMMON] short 
  1580 ;; Registers used:
  1581 ;;		wreg, fsr0l, fsr0h, status,2, status,0, pclath
  1582 ;; Tracked objects:
  1583 ;;		On entry : 0/0
  1584 ;;		On exit  : 0/0
  1585 ;;		Unchanged: 0/0
  1586 ;; Data sizes:     COMMON   BANK0   BANK1   BANK2   BANK3   BANK4   BANK5   BANK6   BANK7   BANK8   BANK9  BANK10  BANK1
      +1  BANK12  BANK13  BANK14  BANK15  BANK16  BANK17  BANK18  BANK19  BANK20  BANK21  BANK22  BANK23  BANK24  BANK25
  1587 ;;      Params:         2       0       0       0       0       0       0       0       0       0       0       0       
      +0       0       0       0       0       0       0       0       0       0       0       0       0       0       0
  1588 ;;      Locals:         0       0       0       0       0       0       0       0       0       0       0       0       
      +0       0       0       0       0       0       0       0       0       0       0       0       0       0       0
  1589 ;;      Temps:          2       0       0       0       0       0       0       0       0       0       0       0       
      +0       0       0       0       0       0       0       0       0       0       0       0       0       0       0
  1590 ;;      Totals:         4       0       0       0       0       0       0       0       0       0       0       0       
      +0       0       0       0       0       0       0       0       0       0       0       0       0       0       0
  1591 ;;Total ram usage:        4 bytes
  1592 ;; Hardware stack levels used:    1
  1593 ;; This function calls:
  1594 ;;		Nothing
  1595 ;; This function is called by:
  1596 ;;		_main
  1597 ;; This function uses a non-reentrant model
  1598 ;;
  1599                           
  1600                           
  1601                           ;psect for function _SineArray
  1602  07B8                     _SineArray:	
  1603  07B8                     l620:	
  1604                           ;incstack = 0
  1605                           ; Regs used in _SineArray: [wreg-fsr0h+status,2+status,0+pclath]
  1606                           
  1607                           
  1608                           ;Main.c: 70:     const short Array[] =;Main.c: 86:     static char ArrayIndex = 0;;Main.
      +                          c: 89:     if (ArrayIndex == 100) ArrayIndex = 0;
  1609  07B8  3064               	movlw	100
  1610  07B9  0676               	xorwf	SineArray@ArrayIndex,w
  1611  07BA  1D03               	btfss	3,2
  1612  07BB  2FBD               	goto	u41
  1613  07BC  2FBE               	goto	u40
  1614  07BD                     u41:	
  1615  07BD  2FBF               	goto	l624
  1616  07BE                     u40:	
  1617  07BE                     l622:	
  1618  07BE  01F6               	clrf	SineArray@ArrayIndex
  1619  07BF                     l624:	
  1620                           
  1621                           ;Main.c: 92:     return Array[ArrayIndex++];
  1622  07BF  0876               	movf	SineArray@ArrayIndex,w
  1623  07C0  0AF6               	incf	SineArray@ArrayIndex,f
  1624  07C1  00F2               	movwf	??_SineArray
  1625  07C2  01F3               	clrf	??_SineArray+1
  1626  07C3  35F2               	lslf	??_SineArray,f
  1627  07C4  0DF3               	rlf	??_SineArray+1,f
  1628  07C5  3000               	movlw	low (SineArray@Array| (0+32768))
  1629  07C6  0772               	addwf	??_SineArray,w
  1630  07C7  0084               	movwf	4
  1631  07C8  3088               	movlw	high (SineArray@Array| (0+32768))
  1632  07C9  3D73               	addwfc	??_SineArray+1,w
  1633  07CA  0085               	movwf	5
  1634  07CB  3F00               	moviw [0]fsr0
  1635  07CC  00F0               	movwf	?_SineArray
  1636  07CD  3F01               	moviw [1]fsr0
  1637  07CE  00F1               	movwf	?_SineArray+1
  1638  07CF                     l61:	
  1639  07CF  0008               	return
  1640  07D0                     __end_of_SineArray:	
  1641                           
  1642                           	psect	text2
  1643  07A5                     __ptext2:	
  1644 ;; *************** function _Lab2_writeDAC *****************
  1645 ;; Defined at:
  1646 ;;		line 119 in file "Main.c"
  1647 ;; Parameters:    Size  Location     Type
  1648 ;;  write_value     2    0[COMMON] short 
  1649 ;; Auto vars:     Size  Location     Type
  1650 ;;		None
  1651 ;; Return value:  Size  Location     Type
  1652 ;;                  1    wreg      void 
  1653 ;; Registers used:
  1654 ;;		wreg, status,2
  1655 ;; Tracked objects:
  1656 ;;		On entry : 0/0
  1657 ;;		On exit  : 0/0
  1658 ;;		Unchanged: 0/0
  1659 ;; Data sizes:     COMMON   BANK0   BANK1   BANK2   BANK3   BANK4   BANK5   BANK6   BANK7   BANK8   BANK9  BANK10  BANK1
      +1  BANK12  BANK13  BANK14  BANK15  BANK16  BANK17  BANK18  BANK19  BANK20  BANK21  BANK22  BANK23  BANK24  BANK25
  1660 ;;      Params:         2       0       0       0       0       0       0       0       0       0       0       0       
      +0       0       0       0       0       0       0       0       0       0       0       0       0       0       0
  1661 ;;      Locals:         0       0       0       0       0       0       0       0       0       0       0       0       
      +0       0       0       0       0       0       0       0       0       0       0       0       0       0       0
  1662 ;;      Temps:          0       0       0       0       0       0       0       0       0       0       0       0       
      +0       0       0       0       0       0       0       0       0       0       0       0       0       0       0
  1663 ;;      Totals:         2       0       0       0       0       0       0       0       0       0       0       0       
      +0       0       0       0       0       0       0       0       0       0       0       0       0       0       0
  1664 ;;Total ram usage:        2 bytes
  1665 ;; Hardware stack levels used:    1
  1666 ;; This function calls:
  1667 ;;		Nothing
  1668 ;; This function is called by:
  1669 ;;		_main
  1670 ;; This function uses a non-reentrant model
  1671 ;;
  1672                           
  1673                           
  1674                           ;psect for function _Lab2_writeDAC
  1675  07A5                     _Lab2_writeDAC:	
  1676  07A5                     l628:	
  1677                           ;incstack = 0
  1678                           ; Regs used in _Lab2_writeDAC: [wreg+status,2]
  1679                           
  1680                           
  1681                           ;Main.c: 119: void Lab2_writeDAC(short write_value);Main.c: 120: {;Main.c: 121:     DAC1
      +                          REFH = write_value >> 8;
  1682  07A5  0871               	movf	Lab2_writeDAC@write_value+1,w
  1683  07A6  002B               	movlb	11	; select bank11
  1684  07A7  0090               	movwf	16	;volatile
  1685  07A8                     l630:	
  1686                           
  1687                           ;Main.c: 122:     DAC1REFL = write_value;
  1688  07A8  0870               	movf	Lab2_writeDAC@write_value,w
  1689  07A9  008F               	movwf	15	;volatile
  1690  07AA                     l632:	
  1691                           
  1692                           ;Main.c: 123:     DACLD = 0x01;
  1693  07AA  3001               	movlw	1
  1694  07AB  008D               	movwf	13	;volatile
  1695  07AC                     l64:	
  1696  07AC  0008               	return
  1697  07AD                     __end_of_Lab2_writeDAC:	
  1698                           
  1699                           	psect	text3
  1700  07AD                     __ptext3:	
  1701 ;; *************** function _Lab2_ConfigureTimer2 *****************
  1702 ;; Defined at:
  1703 ;;		line 7 in file "Timer.c"
  1704 ;; Parameters:    Size  Location     Type
  1705 ;;  TimerPeriod_    1    wreg     unsigned char 
  1706 ;; Auto vars:     Size  Location     Type
  1707 ;;  TimerPeriod_    1    0[COMMON] unsigned char 
  1708 ;; Return value:  Size  Location     Type
  1709 ;;                  1    wreg      void 
  1710 ;; Registers used:
  1711 ;;		wreg
  1712 ;; Tracked objects:
  1713 ;;		On entry : 0/0
  1714 ;;		On exit  : 0/0
  1715 ;;		Unchanged: 0/0
  1716 ;; Data sizes:     COMMON   BANK0   BANK1   BANK2   BANK3   BANK4   BANK5   BANK6   BANK7   BANK8   BANK9  BANK10  BANK1
      +1  BANK12  BANK13  BANK14  BANK15  BANK16  BANK17  BANK18  BANK19  BANK20  BANK21  BANK22  BANK23  BANK24  BANK25
  1717 ;;      Params:         0       0       0       0       0       0       0       0       0       0       0       0       
      +0       0       0       0       0       0       0       0       0       0       0       0       0       0       0
  1718 ;;      Locals:         1       0       0       0       0       0       0       0       0       0       0       0       
      +0       0       0       0       0       0       0       0       0       0       0       0       0       0       0
  1719 ;;      Temps:          0       0       0       0       0       0       0       0       0       0       0       0       
      +0       0       0       0       0       0       0       0       0       0       0       0       0       0       0
  1720 ;;      Totals:         1       0       0       0       0       0       0       0       0       0       0       0       
      +0       0       0       0       0       0       0       0       0       0       0       0       0       0       0
  1721 ;;Total ram usage:        1 bytes
  1722 ;; Hardware stack levels used:    1
  1723 ;; This function calls:
  1724 ;;		Nothing
  1725 ;; This function is called by:
  1726 ;;		_main
  1727 ;; This function uses a non-reentrant model
  1728 ;;
  1729                           
  1730                           
  1731                           ;psect for function _Lab2_ConfigureTimer2
  1732  07AD                     _Lab2_ConfigureTimer2:	
  1733                           
  1734                           ;incstack = 0
  1735                           ; Regs used in _Lab2_ConfigureTimer2: [wreg]
  1736                           ;Lab2_ConfigureTimer2@TimerPeriod_us stored from wreg
  1737  07AD  00F0               	movwf	Lab2_ConfigureTimer2@TimerPeriod_us
  1738  07AE                     l590:	
  1739                           
  1740                           ;Timer.c: 7: void Lab2_ConfigureTimer2(char TimerPeriod_us);Timer.c: 8: {;Timer.c: 11:  
      +                             T2PR = TimerPeriod_us;
  1741  07AE  0870               	movf	Lab2_ConfigureTimer2@TimerPeriod_us,w
  1742  07AF  0029               	movlb	9	; select bank9
  1743  07B0  0094               	movwf	20	;volatile
  1744                           
  1745                           ;Timer.c: 16:     T2CLKCON = 0x02;
  1746  07B1  3002               	movlw	2
  1747  07B2  0097               	movwf	23	;volatile
  1748                           
  1749                           ;Timer.c: 22:     T2CON = 0xD0;
  1750  07B3  30D0               	movlw	208
  1751  07B4  0095               	movwf	21	;volatile
  1752  07B5                     l592:	
  1753                           
  1754                           ;Timer.c: 27:     PIR1bits.TMR2IF = 0;
  1755  07B5  0020               	movlb	0	; select bank0
  1756  07B6  1091               	bcf	17,1	;volatile
  1757  07B7                     l11:	
  1758  07B7  0008               	return
  1759  07B8                     __end_of_Lab2_ConfigureTimer2:	
  1760  007E                     btemp	set	126	;btemp
  1761  007E                     wtemp0	set	126


Data Sizes:
    Strings     0
    Constant    200
    Data        0
    BSS         1
    Persistent  32
    Stack       0

Auto Spaces:
    Space          Size  Autos    Used
    COMMON           14      6       7
    BANK0            80      0       0
    BANK1            80      0       0
    BANK2            80      0       0
    BANK3            80      0       0
    BANK4            80      0       0
    BANK5            80      0       0
    BANK6            80      0       0
    BANK7            80      0       0
    BANK8            80      0       0
    BANK9            80      0       0
    BANK10           80      0       0
    BANK11           80      0       0
    BANK12           48      0       0
    BANK13           80      0       0
    BANK14           80      0       0
    BANK15           80      0       0
    BANK16           80      0       0
    BANK17           80      0       0
    BANK18           80      0       0
    BANK19           80      0       0
    BANK20           80      0       0
    BANK21           80      0       0
    BANK22           80      0       0
    BANK23           80      0       0
    BANK24           80      0       0
    BANK25           32      0       0

Pointer List with Targets:

    None.

Critical Paths under _main in COMMON

    _main->_SineArray

Critical Paths under _main in BANK0

    None.

Critical Paths under _main in BANK1

    None.

Critical Paths under _main in BANK2

    None.

Critical Paths under _main in BANK3

    None.

Critical Paths under _main in BANK4

    None.

Critical Paths under _main in BANK5

    None.

Critical Paths under _main in BANK6

    None.

Critical Paths under _main in BANK7

    None.

Critical Paths under _main in BANK8

    None.

Critical Paths under _main in BANK9

    None.

Critical Paths under _main in BANK10

    None.

Critical Paths under _main in BANK11

    None.

Critical Paths under _main in BANK12

    None.

Critical Paths under _main in BANK13

    None.

Critical Paths under _main in BANK14

    None.

Critical Paths under _main in BANK15

    None.

Critical Paths under _main in BANK16

    None.

Critical Paths under _main in BANK17

    None.

Critical Paths under _main in BANK18

    None.

Critical Paths under _main in BANK19

    None.

Critical Paths under _main in BANK20

    None.

Critical Paths under _main in BANK21

    None.

Critical Paths under _main in BANK22

    None.

Critical Paths under _main in BANK23

    None.

Critical Paths under _main in BANK24

    None.

Critical Paths under _main in BANK25

    None.

Call Graph Tables:

 ---------------------------------------------------------------------------------
 (Depth) Function   	        Calls       Base Space   Used Autos Params    Refs
 ---------------------------------------------------------------------------------
 (0) _main                                                 2     2      0     158
                                              4 COMMON     2     2      0
               _Lab2_ConfigureTimer2
                      _Lab2_writeDAC
                          _SineArray
 ---------------------------------------------------------------------------------
 (1) _SineArray                                            4     2      2       0
                                              0 COMMON     4     2      2
 ---------------------------------------------------------------------------------
 (1) _Lab2_writeDAC                                        2     0      2     120
                                              0 COMMON     2     0      2
 ---------------------------------------------------------------------------------
 (1) _Lab2_ConfigureTimer2                                 1     1      0      15
                                              0 COMMON     1     1      0
 ---------------------------------------------------------------------------------
 Estimated maximum stack depth 1
 ---------------------------------------------------------------------------------

 Call Graph Graphs:

 _main (ROOT)
   _Lab2_ConfigureTimer2
   _Lab2_writeDAC
   _SineArray

 Address spaces:
Name               Size   Autos  Total    Cost      Usage
BIGRAM_1           3E0      0       0       0        0.0%
NULL                 0      0       0       0        0.0%
CODE                 0      0       0       0        0.0%
BIGRAM             3F0      0       0       1        0.0%
BITSFR0              0      0       0       1        0.0%
SFR0                 0      0       0       1        0.0%
BITCOMMON            E      0       0       2        0.0%
BITSFR1              0      0       0       2        0.0%
SFR1                 0      0       0       2        0.0%
COMMON               E      6       7       3       50.0%
BITSFR2              0      0       0       3        0.0%
SFR2                 0      0       0       3        0.0%
BITSFR3              0      0       0       4        0.0%
SFR3                 0      0       0       4        0.0%
STACK                0      0       0       4        0.0%
BANK0               50      0       0       5        0.0%
BITSFR4              0      0       0       5        0.0%
SFR4                 0      0       0       5        0.0%
BITBANK0            50      0       0       6        0.0%
BITSFR5              0      0       0       6        0.0%
SFR5                 0      0       0       6        0.0%
BITBANK1            50      0       0       7        0.0%
BITSFR6              0      0       0       7        0.0%
SFR6                 0      0       0       7        0.0%
BANK1               50      0       0       8        0.0%
BITSFR7              0      0       0       8        0.0%
SFR7                 0      0       0       8        0.0%
BITBANK2            50      0       0       9        0.0%
BITSFR8              0      0       0       9        0.0%
SFR8                 0      0       0       9        0.0%
BANK2               50      0       0      10        0.0%
BITSFR9              0      0       0      10        0.0%
SFR9                 0      0       0      10        0.0%
BITBANK3            50      0       0      11        0.0%
BITSFR10             0      0       0      11        0.0%
SFR10                0      0       0      11        0.0%
BANK3               50      0       0      12        0.0%
BITSFR11             0      0       0      12        0.0%
SFR11                0      0       0      12        0.0%
BITSFR12             0      0       0      13        0.0%
SFR12                0      0       0      13        0.0%
ABS                  0      0       7      13        0.0%
BITBANK4            50      0       0      14        0.0%
BITSFR13             0      0       0      14        0.0%
SFR13                0      0       0      14        0.0%
BANK4               50      0       0      15        0.0%
BITSFR14             0      0       0      15        0.0%
SFR14                0      0       0      15        0.0%
BITBANK5            50      0       0      16        0.0%
BITSFR15             0      0       0      16        0.0%
SFR15                0      0       0      16        0.0%
BANK5               50      0       0      17        0.0%
BITSFR16             0      0       0      17        0.0%
SFR16                0      0       0      17        0.0%
BITBANK6            50      0       0      18        0.0%
BITSFR17             0      0       0      18        0.0%
SFR17                0      0       0      18        0.0%
BANK6               50      0       0      19        0.0%
BITSFR18             0      0       0      19        0.0%
SFR18                0      0       0      19        0.0%
BITBANK7            50      0       0      20        0.0%
BITSFR19             0      0       0      20        0.0%
SFR19                0      0       0      20        0.0%
BANK7               50      0       0      21        0.0%
BITSFR20             0      0       0      21        0.0%
SFR20                0      0       0      21        0.0%
BITBANK8            50      0       0      22        0.0%
BITSFR21             0      0       0      22        0.0%
SFR21                0      0       0      22        0.0%
BANK8               50      0       0      23        0.0%
BITSFR22             0      0       0      23        0.0%
SFR22                0      0       0      23        0.0%
BITBANK9            50      0       0      24        0.0%
BITSFR23             0      0       0      24        0.0%
SFR23                0      0       0      24        0.0%
BANK9               50      0       0      25        0.0%
BITSFR24             0      0       0      25        0.0%
SFR24                0      0       0      25        0.0%
BITBANK10           50      0       0      26        0.0%
BITSFR25             0      0       0      26        0.0%
SFR25                0      0       0      26        0.0%
BANK10              50      0       0      27        0.0%
BITSFR26             0      0       0      27        0.0%
SFR26                0      0       0      27        0.0%
BITBANK11           50      0       0      28        0.0%
BITSFR27             0      0       0      28        0.0%
SFR27                0      0       0      28        0.0%
BANK11              50      0       0      29        0.0%
BITSFR28             0      0       0      29        0.0%
SFR28                0      0       0      29        0.0%
BITSFR29             0      0       0      30        0.0%
SFR29                0      0       0      30        0.0%
DATA                 0      0       7      30        0.0%
BITBANK12           30      0       0      31        0.0%
BITSFR30             0      0       0      31        0.0%
SFR30                0      0       0      31        0.0%
BANK12              30      0       0      32        0.0%
BITSFR31             0      0       0      32        0.0%
SFR31                0      0       0      32        0.0%
BITBANK13           50      0       0      33        0.0%
BANK13              50      0       0      34        0.0%
BITBANK14           50      0       0      35        0.0%
BANK14              50      0       0      36        0.0%
BITBANK15           50      0       0      37        0.0%
BANK15              50      0       0      38        0.0%
BITBANK16           50      0       0      39        0.0%
BANK16              50      0       0      40        0.0%
BITBANK17           50      0       0      41        0.0%
BANK17              50      0       0      42        0.0%
BITBANK18           50      0       0      43        0.0%
BANK18              50      0       0      44        0.0%
BITBANK19           50      0       0      45        0.0%
BANK19              50      0       0      46        0.0%
BITBANK20           50      0       0      47        0.0%
BANK20              50      0       0      48        0.0%
BITBANK21           50      0       0      49        0.0%
BANK21              50      0       0      50        0.0%
BITBANK22           50      0       0      51        0.0%
BANK22              50      0       0      52        0.0%
BITBANK23           50      0       0      53        0.0%
BANK23              50      0       0      54        0.0%
BITBANK24           50      0       0      55        0.0%
BANK24              50      0       0      56        0.0%
BITBANK25           20      0       0      57        0.0%
BANK25              20      0       0      58        0.0%


Microchip Technology PIC Macro Assembler V2.10 build 88905656 
Symbol Table                                                                                   Wed Mar 11 16:15:14 2020

                                l11 07B7                                  l50 07F8  
                                l44 07D3                                  l61 07CF  
                                l46 07D7                                  l64 07AC  
                                l48 07F3                                  u40 07BE  
                                u41 07BD                                  u50 07D7  
                                u51 07D6                                  u60 07F8  
                                u61 07F7                                 l620 07B8  
                               l630 07A8                                 l622 07BE  
                               l632 07AA                                 l624 07BF  
                               l640 07E5                                 l642 07EC  
                               l634 07D0                                 l628 07A5  
                               l636 07DE                                 l590 07AE  
                               l638 07E1                                 l592 07B5  
                              _T2PR 0494            Lab2_writeDAC@write_value 0070  
                              _main 07D0                                fsr0h 0005  
                              fsr0l 0004                                btemp 007E  
                              start 0002                       __CFG_PLLEN$ON 0000  
                             ?_main 0070                               _DACLD 058D  
                     __CFG_WDTE$OFF 0000                               _T2CON 0495  
                             main@x 0074                               status 0003  
                             wtemp0 007E                     __initialization 07FC  
                      __end_of_main 07FC                              ??_main 0074  
            __size_of_Lab2_writeDAC 0008                              _OSCCON 009B  
                __size_of_SineArray 0018        __end_of_Lab2_ConfigureTimer2 07B8  
           __end_of__initialization 07FD                       _Lab2_writeDAC 07A5  
                    __pcstackCOMMON 0070                   __end_of_SineArray 07D0  
                    ?_Lab2_writeDAC 0070                          __pmaintext 07D0  
              _Lab2_ConfigureTimer2 07AD                             __ptext1 07B8  
                           __ptext2 07A5                             __ptext3 07AD  
              end_of_initialization 07FD               ?_Lab2_ConfigureTimer2 0070  
                   ??_Lab2_writeDAC 0072                    __CFG_FOSC$INTOSC 0000  
                         _TRISAbits 008C                           _TRISCbits 008E  
                    SineArray@Array 0800                 start_initialization 07FC  
            ??_Lab2_ConfigureTimer2 0070              __end_ofSineArray@Array 08C8  
                         _SineArray 07B8  Lab2_ConfigureTimer2@TimerPeriod_us 0070  
                       __pbssCOMMON 0076                           ___latbits 0003  
                        ?_SineArray 0070                            _DAC1CON0 058E  
                          _DAC1REFH 0590                            _DAC1REFL 058F  
                          _T2CLKCON 0497                            _PIR1bits 0011  
             __end_of_Lab2_writeDAC 07AD                         ??_SineArray 0072  
                        _ANSELAbits 018C                          _ANSELCbits 018E  
                     __size_of_main 002C                 SineArray@ArrayIndex 0076  
                       _OSCSTATbits 009C       __size_of_Lab2_ConfigureTimer2 000B  
                     __pstringtext1 0800  
